Traceback (most recent call last):
  File "/opt/hostedtoolcache/Python/3.12.12/x64/lib/python3.12/site-packages/jupyter_cache/executors/utils.py", line 58, in single_nb_execution
    executenb(
  File "/opt/hostedtoolcache/Python/3.12.12/x64/lib/python3.12/site-packages/nbclient/client.py", line 1323, in execute
    return NotebookClient(nb=nb, resources=resources, km=km, **kwargs).execute()
           ^^^^^^^^^^^^^^^^^^^^^^^^^^^^^^^^^^^^^^^^^^^^^^^^^^^^^^^^^^^^^^^^^^^^^
  File "/opt/hostedtoolcache/Python/3.12.12/x64/lib/python3.12/site-packages/jupyter_core/utils/__init__.py", line 165, in wrapped
    return loop.run_until_complete(inner)
           ^^^^^^^^^^^^^^^^^^^^^^^^^^^^^^
  File "/opt/hostedtoolcache/Python/3.12.12/x64/lib/python3.12/asyncio/base_events.py", line 691, in run_until_complete
    return future.result()
           ^^^^^^^^^^^^^^^
  File "/opt/hostedtoolcache/Python/3.12.12/x64/lib/python3.12/site-packages/nbclient/client.py", line 709, in async_execute
    await self.async_execute_cell(
  File "/opt/hostedtoolcache/Python/3.12.12/x64/lib/python3.12/site-packages/nbclient/client.py", line 1062, in async_execute_cell
    await self._check_raise_for_error(cell, cell_index, exec_reply)
  File "/opt/hostedtoolcache/Python/3.12.12/x64/lib/python3.12/site-packages/nbclient/client.py", line 918, in _check_raise_for_error
    raise CellExecutionError.from_cell_and_msg(cell, exec_reply_content)
nbclient.exceptions.CellExecutionError: An error occurred while executing the following cell:
------------------
from gdm.distribution import DistributionSystem
from gdmloader.constants import GCS_CASE_SOURCE
from gdmloader.source import SystemLoader

loader = SystemLoader()
loader.add_source(GCS_CASE_SOURCE)
base_model: DistributionSystem = loader.load_dataset(
    DistributionSystem, GCS_CASE_SOURCE.name, "three_feeder_switch"
)
base_model.auto_add_composed_components = True
base_model.info()
------------------


[31m---------------------------------------------------------------------------[39m
[31mFileNotFoundError[39m                         Traceback (most recent call last)
[36mFile [39m[32m/opt/hostedtoolcache/Python/3.12.12/x64/lib/python3.12/site-packages/gdmloader/source.py:124[39m, in [36mSystemLoader.load_dataset[39m[34m(self, system_type, source_name, dataset_name, version)[39m
[32m    123[39m [38;5;28;01mtry[39;00m:
[32m--> [39m[32m124[39m     [43msource[49m[43m.[49m[43mfs[49m[43m.[49m[43mget[49m[43m([49m
[32m    125[39m [43m        [49m[43mremote_folder[49m[43m,[49m
[32m    126[39m [43m        [49m[38;5;28;43mstr[39;49m[43m([49m[43mlocal_folder[49m[43m)[49m[43m,[49m
[32m    127[39m [43m        [49m[43mrecursive[49m[43m=[49m[38;5;28;43;01mTrue[39;49;00m[43m,[49m
[32m    128[39m [43m    [49m[43m)[49m
[32m    129[39m [38;5;28;01mexcept[39;00m [38;5;167;01mFileNotFoundError[39;00m:

[36mFile [39m[32m/opt/hostedtoolcache/Python/3.12.12/x64/lib/python3.12/site-packages/fsspec/asyn.py:118[39m, in [36msync_wrapper.<locals>.wrapper[39m[34m(*args, **kwargs)[39m
[32m    117[39m [38;5;28mself[39m = obj [38;5;129;01mor[39;00m args[[32m0[39m]
[32m--> [39m[32m118[39m [38;5;28;01mreturn[39;00m [43msync[49m[43m([49m[38;5;28;43mself[39;49m[43m.[49m[43mloop[49m[43m,[49m[43m [49m[43mfunc[49m[43m,[49m[43m [49m[43m*[49m[43margs[49m[43m,[49m[43m [49m[43m*[49m[43m*[49m[43mkwargs[49m[43m)[49m

[36mFile [39m[32m/opt/hostedtoolcache/Python/3.12.12/x64/lib/python3.12/site-packages/fsspec/asyn.py:103[39m, in [36msync[39m[34m(loop, func, timeout, *args, **kwargs)[39m
[32m    102[39m [38;5;28;01melif[39;00m [38;5;28misinstance[39m(return_result, [38;5;167;01mBaseException[39;00m):
[32m--> [39m[32m103[39m     [38;5;28;01mraise[39;00m return_result
[32m    104[39m [38;5;28;01melse[39;00m:

[36mFile [39m[32m/opt/hostedtoolcache/Python/3.12.12/x64/lib/python3.12/site-packages/fsspec/asyn.py:56[39m, in [36m_runner[39m[34m(event, coro, result, timeout)[39m
[32m     55[39m [38;5;28;01mtry[39;00m:
[32m---> [39m[32m56[39m     result[[32m0[39m] = [38;5;28;01mawait[39;00m coro
[32m     57[39m [38;5;28;01mexcept[39;00m [38;5;167;01mException[39;00m [38;5;28;01mas[39;00m ex:

[36mFile [39m[32m/opt/hostedtoolcache/Python/3.12.12/x64/lib/python3.12/site-packages/fsspec/asyn.py:645[39m, in [36mAsyncFileSystem._get[39m[34m(self, rpath, lpath, recursive, callback, maxdepth, **kwargs)[39m
[32m    644[39m rpath = [38;5;28mself[39m._strip_protocol(rpath)
[32m--> [39m[32m645[39m rpaths = [38;5;28;01mawait[39;00m [38;5;28mself[39m._expand_path(
[32m    646[39m     rpath, recursive=recursive, maxdepth=maxdepth
[32m    647[39m )
[32m    648[39m [38;5;28;01mif[39;00m source_is_str [38;5;129;01mand[39;00m ([38;5;129;01mnot[39;00m recursive [38;5;129;01mor[39;00m maxdepth [38;5;129;01mis[39;00m [38;5;129;01mnot[39;00m [38;5;28;01mNone[39;00m):
[32m    649[39m     [38;5;66;03m# Non-recursive glob does not copy directories[39;00m

[36mFile [39m[32m/opt/hostedtoolcache/Python/3.12.12/x64/lib/python3.12/site-packages/fsspec/asyn.py:883[39m, in [36mAsyncFileSystem._expand_path[39m[34m(self, path, recursive, maxdepth)[39m
[32m    882[39m [38;5;28;01mif[39;00m [38;5;28misinstance[39m(path, [38;5;28mstr[39m):
[32m--> [39m[32m883[39m     out = [38;5;28;01mawait[39;00m [38;5;28mself[39m._expand_path([path], recursive, maxdepth)
[32m    884[39m [38;5;28;01melse[39;00m:

[36mFile [39m[32m/opt/hostedtoolcache/Python/3.12.12/x64/lib/python3.12/site-packages/fsspec/asyn.py:912[39m, in [36mAsyncFileSystem._expand_path[39m[34m(self, path, recursive, maxdepth)[39m
[32m    911[39m [38;5;28;01mif[39;00m [38;5;129;01mnot[39;00m out:
[32m--> [39m[32m912[39m     [38;5;28;01mraise[39;00m [38;5;167;01mFileNotFoundError[39;00m(path)
[32m    913[39m [38;5;28;01mreturn[39;00m [38;5;28msorted[39m(out)

[31mFileNotFoundError[39m: ['gdm_data/data/DistributionSystem/2_2_1/three_feeder_switch']

During handling of the above exception, another exception occurred:

[31mValueError[39m                                Traceback (most recent call last)
[36mCell[39m[36m [39m[32mIn[1][39m[32m, line 7[39m
[32m      5[39m loader = SystemLoader()
[32m      6[39m loader.add_source(GCS_CASE_SOURCE)
[32m----> [39m[32m7[39m base_model: DistributionSystem = [43mloader[49m[43m.[49m[43mload_dataset[49m[43m([49m
[32m      8[39m [43m    [49m[43mDistributionSystem[49m[43m,[49m[43m [49m[43mGCS_CASE_SOURCE[49m[43m.[49m[43mname[49m[43m,[49m[43m [49m[33;43m"[39;49m[33;43mthree_feeder_switch[39;49m[33;43m"[39;49m
[32m      9[39m [43m)[49m
[32m     10[39m base_model.auto_add_composed_components = [38;5;28;01mTrue[39;00m
[32m     11[39m base_model.info()

[36mFile [39m[32m/opt/hostedtoolcache/Python/3.12.12/x64/lib/python3.12/site-packages/gdmloader/source.py:131[39m, in [36mSystemLoader.load_dataset[39m[34m(self, system_type, source_name, dataset_name, version)[39m
[32m    129[39m     [38;5;28;01mexcept[39;00m [38;5;167;01mFileNotFoundError[39;00m:
[32m    130[39m         msg = [33mf[39m[33m"[39m[38;5;132;01m{[39;00mremote_folder[38;5;132;01m=}[39;00m[33m not found! Check the URL: [39m[38;5;132;01m{[39;00msource.url[38;5;132;01m}[39;00m[33m/[39m[38;5;132;01m{[39;00mremote_folder[38;5;132;01m}[39;00m[33m"[39m
[32m--> [39m[32m131[39m         [38;5;28;01mraise[39;00m [38;5;167;01mValueError[39;00m(msg)
[32m    133[39m system_file = [38;5;28mlist[39m(dataset_folder.rglob([33m"[39m[33m*.json[39m[33m"[39m))[[32m0[39m]
[32m    134[39m [38;5;28;01mreturn[39;00m system_type.from_json(system_file)

[31mValueError[39m: remote_folder='gdm_data/data/DistributionSystem/2_2_1/three_feeder_switch' not found! Check the URL: https://storage.googleapis.com/gdm_data/gdm_data/data/DistributionSystem/2_2_1/three_feeder_switch

